\BOOKMARK [0][-]{chapter.1}{Introduction}{}% 1
\BOOKMARK [1][-]{section.1.1}{Nuweb}{chapter.1}% 2
\BOOKMARK [2][-]{subsection.1.1.1}{Nuweb and HTML}{section.1.1}% 3
\BOOKMARK [1][-]{section.1.2}{Writing Nuweb}{chapter.1}% 4
\BOOKMARK [2][-]{subsection.1.2.1}{The Major Commands}{section.1.2}% 5
\BOOKMARK [2][-]{subsection.1.2.2}{The Minor Commands}{section.1.2}% 6
\BOOKMARK [1][-]{section.1.3}{Sectioning commands}{chapter.1}% 7
\BOOKMARK [1][-]{section.1.4}{Running Nuweb}{chapter.1}% 8
\BOOKMARK [1][-]{section.1.5}{Generating HTML}{chapter.1}% 9
\BOOKMARK [1][-]{section.1.6}{Restrictions}{chapter.1}% 10
\BOOKMARK [1][-]{section.1.7}{Acknowledgements}{chapter.1}% 11
\BOOKMARK [0][-]{chapter.2}{The Overall Structure}{}% 12
\BOOKMARK [1][-]{section.2.1}{Files}{chapter.2}% 13
\BOOKMARK [2][-]{subsection.2.1.1}{The Main Files}{section.2.1}% 14
\BOOKMARK [2][-]{subsection.2.1.2}{Support Files}{section.2.1}% 15
\BOOKMARK [1][-]{section.2.2}{The Main Routine}{chapter.2}% 16
\BOOKMARK [2][-]{subsection.2.2.1}{Command-Line Arguments}{section.2.2}% 17
\BOOKMARK [2][-]{subsection.2.2.2}{File Names}{section.2.2}% 18
\BOOKMARK [1][-]{section.2.3}{Pass One}{chapter.2}% 19
\BOOKMARK [2][-]{subsection.2.3.1}{Accumulating Definitions}{section.2.3}% 20
\BOOKMARK [2][-]{subsection.2.3.2}{Block Comments}{section.2.3}% 21
\BOOKMARK [2][-]{subsection.2.3.3}{Fixing the Cross References}{section.2.3}% 22
\BOOKMARK [2][-]{subsection.2.3.4}{Dealing with fragment parameters}{section.2.3}% 23
\BOOKMARK [1][-]{section.2.4}{Writing the Latex File}{chapter.2}% 24
\BOOKMARK [2][-]{subsection.2.4.1}{Formatting Definitions}{section.2.4}% 25
\BOOKMARK [2][-]{subsection.2.4.2}{Generating the Indices}{section.2.4}% 26
\BOOKMARK [1][-]{section.2.5}{Writing the LaTeX File with HTML Scraps}{chapter.2}% 27
\BOOKMARK [2][-]{subsection.2.5.1}{Formatting Definitions}{section.2.5}% 28
\BOOKMARK [2][-]{subsection.2.5.2}{Generating the Indices}{section.2.5}% 29
\BOOKMARK [1][-]{section.2.6}{Writing the Output Files}{chapter.2}% 30
\BOOKMARK [0][-]{chapter.3}{The Support Routines}{}% 31
\BOOKMARK [1][-]{section.3.1}{Source Files}{chapter.3}% 32
\BOOKMARK [2][-]{subsection.3.1.1}{Global Declarations}{section.3.1}% 33
\BOOKMARK [2][-]{subsection.3.1.2}{Local Declarations}{section.3.1}% 34
\BOOKMARK [2][-]{subsection.3.1.3}{Reading a File}{section.3.1}% 35
\BOOKMARK [2][-]{subsection.3.1.4}{Opening a File}{section.3.1}% 36
\BOOKMARK [1][-]{section.3.2}{Scraps}{chapter.3}% 37
\BOOKMARK [2][-]{subsection.3.2.1}{Collecting Page Numbers}{section.3.2}% 38
\BOOKMARK [1][-]{section.3.3}{Names}{chapter.3}% 39
\BOOKMARK [1][-]{section.3.4}{Searching for Index Entries}{chapter.3}% 40
\BOOKMARK [2][-]{subsection.3.4.1}{Retrieving scrap uses}{section.3.4}% 41
\BOOKMARK [2][-]{subsection.3.4.2}{Building the Automata}{section.3.4}% 42
\BOOKMARK [2][-]{subsection.3.4.3}{Searching the Scraps}{section.3.4}% 43
\BOOKMARK [1][-]{section.3.5}{Labels}{chapter.3}% 44
\BOOKMARK [1][-]{section.3.6}{Memory Management}{chapter.3}% 45
\BOOKMARK [2][-]{subsection.3.6.1}{Allocating Memory}{section.3.6}% 46
\BOOKMARK [2][-]{subsection.3.6.2}{Freeing Memory}{section.3.6}% 47
\BOOKMARK [0][-]{chapter.4}{Man page}{}% 48
\BOOKMARK [0][-]{chapter.5}{Indices}{}% 49
\BOOKMARK [1][-]{section.5.1}{Files}{chapter.5}% 50
\BOOKMARK [1][-]{section.5.2}{Fragments}{chapter.5}% 51
\BOOKMARK [1][-]{section.5.3}{Identifiers}{chapter.5}% 52
